<?xml version="1.0" encoding="UTF-8"?>
<!-- Generated by org.testng.reporters.JUnitXMLReporter -->
<testsuite ignored="0" hostname="DESKTOP-QHOC536" failures="0" tests="3" name="Default test" time="28.801" errors="0" timestamp="2020-11-09T13:33:37 IST">
  <testcase classname="com.letsdeel.testcases.SignUpTest" name="SignUpApp" time="6.313"/>
  <testcase classname="com.letsdeel.testcases.SignUpTest" name="FileSignUpApp" time="6.141"/>
  <testcase classname="com.letsdeel.testcases.SignUpTest" name="MisMatchPasswordsApp" time="6.05"/>
</testsuite> <!-- Default test -->
