<?xml version="1.0" encoding="UTF-8"?>
<!-- Generated by org.testng.reporters.JUnitXMLReporter -->
<testsuite ignored="0" hostname="DESKTOP-QHOC536" failures="0" tests="3" name="Default test" time="31.364" errors="0" timestamp="2020-11-09T18:25:11 IST">
  <testcase classname="com.letsdeel.testcases.SignUpTest" name="SignUpApp" time="7.745"/>
  <testcase classname="com.letsdeel.testcases.SignUpTest" name="FileSignUpApp" time="6.844"/>
  <testcase classname="com.letsdeel.testcases.SignUpTest" name="MisMatchPasswordsApp" time="6.057"/>
</testsuite> <!-- Default test -->
