<?xml version="1.0" encoding="UTF-8"?>
<testng-results ignored="0" total="3" passed="3" failed="0" skipped="0">
  <reporter-output>
  </reporter-output>
  <suite started-at="2020-11-09T13:33:08 IST" name="Default suite" finished-at="2020-11-09T13:33:37 IST" duration-ms="28801">
    <groups>
    </groups>
    <test started-at="2020-11-09T13:33:08 IST" name="Default test" finished-at="2020-11-09T13:33:37 IST" duration-ms="28801">
      <class name="com.letsdeel.testcases.SignUpTest">
        <test-method is-config="true" signature="setUpSuite()[pri:0, instance:com.letsdeel.testcases.SignUpTest@45b9a632]" started-at="2020-11-09T13:33:08 IST" name="setUpSuite" finished-at="2020-11-09T13:33:08 IST" duration-ms="463" status="PASS">
          <reporter-output>
          </reporter-output>
        </test-method> <!-- setUpSuite -->
        <test-method is-config="true" signature="seExtent()[pri:0, instance:com.letsdeel.testcases.SignUpTest@45b9a632]" started-at="2020-11-09T13:33:08 IST" name="seExtent" finished-at="2020-11-09T13:33:08 IST" duration-ms="106" status="PASS">
          <reporter-output>
          </reporter-output>
        </test-method> <!-- seExtent -->
        <test-method is-config="true" signature="setupApplication()[pri:0, instance:com.letsdeel.testcases.SignUpTest@45b9a632]" started-at="2020-11-09T13:33:08 IST" name="setupApplication" finished-at="2020-11-09T13:33:17 IST" duration-ms="9273" status="PASS">
          <reporter-output>
          </reporter-output>
        </test-method> <!-- setupApplication -->
        <test-method signature="SignUpApp()[pri:0, instance:com.letsdeel.testcases.SignUpTest@45b9a632]" started-at="2020-11-09T13:33:17 IST" name="SignUpApp" finished-at="2020-11-09T13:33:24 IST" duration-ms="6313" status="PASS">
          <reporter-output>
          </reporter-output>
        </test-method> <!-- SignUpApp -->
        <test-method is-config="true" signature="tearDownMethod(org.testng.ITestResult)[pri:0, instance:com.letsdeel.testcases.SignUpTest@45b9a632]" started-at="2020-11-09T13:33:24 IST" name="tearDownMethod" finished-at="2020-11-09T13:33:24 IST" duration-ms="6" status="PASS">
          <params>
            <param index="0">
              <value>
                <![CDATA[[TestResult name=SignUpApp status=SUCCESS method=SignUpTest.SignUpApp()[pri:0, instance:com.letsdeel.testcases.SignUpTest@45b9a632] output={null}]]]>
              </value>
            </param>
          </params>
          <reporter-output>
          </reporter-output>
        </test-method> <!-- tearDownMethod -->
        <test-method signature="FileSignUpApp()[pri:1, instance:com.letsdeel.testcases.SignUpTest@45b9a632]" started-at="2020-11-09T13:33:24 IST" name="FileSignUpApp" finished-at="2020-11-09T13:33:30 IST" duration-ms="6141" status="PASS">
          <reporter-output>
          </reporter-output>
        </test-method> <!-- FileSignUpApp -->
        <test-method is-config="true" signature="tearDownMethod(org.testng.ITestResult)[pri:0, instance:com.letsdeel.testcases.SignUpTest@45b9a632]" started-at="2020-11-09T13:33:30 IST" name="tearDownMethod" finished-at="2020-11-09T13:33:30 IST" duration-ms="0" status="PASS">
          <params>
            <param index="0">
              <value>
                <![CDATA[[TestResult name=FileSignUpApp status=SUCCESS method=SignUpTest.FileSignUpApp()[pri:1, instance:com.letsdeel.testcases.SignUpTest@45b9a632] output={null}]]]>
              </value>
            </param>
          </params>
          <reporter-output>
          </reporter-output>
        </test-method> <!-- tearDownMethod -->
        <test-method signature="MisMatchPasswordsApp()[pri:2, instance:com.letsdeel.testcases.SignUpTest@45b9a632]" started-at="2020-11-09T13:33:30 IST" name="MisMatchPasswordsApp" finished-at="2020-11-09T13:33:36 IST" duration-ms="6050" status="PASS">
          <reporter-output>
          </reporter-output>
        </test-method> <!-- MisMatchPasswordsApp -->
        <test-method is-config="true" signature="tearDownMethod(org.testng.ITestResult)[pri:0, instance:com.letsdeel.testcases.SignUpTest@45b9a632]" started-at="2020-11-09T13:33:36 IST" name="tearDownMethod" finished-at="2020-11-09T13:33:36 IST" duration-ms="1" status="PASS">
          <params>
            <param index="0">
              <value>
                <![CDATA[[TestResult name=MisMatchPasswordsApp status=SUCCESS method=SignUpTest.MisMatchPasswordsApp()[pri:2, instance:com.letsdeel.testcases.SignUpTest@45b9a632] output={null}]]]>
              </value>
            </param>
          </params>
          <reporter-output>
          </reporter-output>
        </test-method> <!-- tearDownMethod -->
        <test-method is-config="true" signature="tearDown()[pri:0, instance:com.letsdeel.testcases.SignUpTest@45b9a632]" started-at="2020-11-09T13:33:36 IST" name="tearDown" finished-at="2020-11-09T13:33:37 IST" duration-ms="639" status="PASS">
          <reporter-output>
          </reporter-output>
        </test-method> <!-- tearDown -->
        <test-method is-config="true" signature="endReport()[pri:0, instance:com.letsdeel.testcases.SignUpTest@45b9a632]" started-at="2020-11-09T13:33:37 IST" name="endReport" finished-at="2020-11-09T13:33:37 IST" duration-ms="239" status="PASS">
          <reporter-output>
          </reporter-output>
        </test-method> <!-- endReport -->
      </class> <!-- com.letsdeel.testcases.SignUpTest -->
    </test> <!-- Default test -->
  </suite> <!-- Default suite -->
</testng-results>
