<?xml version="1.0" encoding="UTF-8"?>
<testng-results ignored="0" total="3" passed="3" failed="0" skipped="0">
  <reporter-output>
  </reporter-output>
  <suite started-at="2020-11-08T17:21:25 IST" name="Default suite" finished-at="2020-11-08T17:21:53 IST" duration-ms="28054">
    <groups>
    </groups>
    <test started-at="2020-11-08T17:21:25 IST" name="Default test" finished-at="2020-11-08T17:21:53 IST" duration-ms="28054">
      <class name="com.letsdeel.testcases.SignUpTest">
        <test-method is-config="true" signature="setUpSuite()[pri:0, instance:com.letsdeel.testcases.SignUpTest@45b9a632]" started-at="2020-11-08T17:21:25 IST" name="setUpSuite" finished-at="2020-11-08T17:21:25 IST" duration-ms="447" status="PASS">
          <reporter-output>
          </reporter-output>
        </test-method> <!-- setUpSuite -->
        <test-method is-config="true" signature="seExtent()[pri:0, instance:com.letsdeel.testcases.SignUpTest@45b9a632]" started-at="2020-11-08T17:21:25 IST" name="seExtent" finished-at="2020-11-08T17:21:25 IST" duration-ms="96" status="PASS">
          <reporter-output>
          </reporter-output>
        </test-method> <!-- seExtent -->
        <test-method is-config="true" signature="setupApplication()[pri:0, instance:com.letsdeel.testcases.SignUpTest@45b9a632]" started-at="2020-11-08T17:21:25 IST" name="setupApplication" finished-at="2020-11-08T17:21:34 IST" duration-ms="8601" status="PASS">
          <reporter-output>
          </reporter-output>
        </test-method> <!-- setupApplication -->
        <test-method signature="SignUpApp()[pri:0, instance:com.letsdeel.testcases.SignUpTest@45b9a632]" started-at="2020-11-08T17:21:34 IST" name="SignUpApp" finished-at="2020-11-08T17:21:40 IST" duration-ms="6259" status="PASS">
          <reporter-output>
          </reporter-output>
        </test-method> <!-- SignUpApp -->
        <test-method is-config="true" signature="tearDownMethod(org.testng.ITestResult)[pri:0, instance:com.letsdeel.testcases.SignUpTest@45b9a632]" started-at="2020-11-08T17:21:40 IST" name="tearDownMethod" finished-at="2020-11-08T17:21:40 IST" duration-ms="9" status="PASS">
          <params>
            <param index="0">
              <value>
                <![CDATA[[TestResult name=SignUpApp status=SUCCESS method=SignUpTest.SignUpApp()[pri:0, instance:com.letsdeel.testcases.SignUpTest@45b9a632] output={null}]]]>
              </value>
            </param>
          </params>
          <reporter-output>
          </reporter-output>
        </test-method> <!-- tearDownMethod -->
        <test-method signature="FileSignUpApp()[pri:1, instance:com.letsdeel.testcases.SignUpTest@45b9a632]" started-at="2020-11-08T17:21:40 IST" name="FileSignUpApp" finished-at="2020-11-08T17:21:46 IST" duration-ms="6089" status="PASS">
          <reporter-output>
          </reporter-output>
        </test-method> <!-- FileSignUpApp -->
        <test-method is-config="true" signature="tearDownMethod(org.testng.ITestResult)[pri:0, instance:com.letsdeel.testcases.SignUpTest@45b9a632]" started-at="2020-11-08T17:21:46 IST" name="tearDownMethod" finished-at="2020-11-08T17:21:46 IST" duration-ms="1" status="PASS">
          <params>
            <param index="0">
              <value>
                <![CDATA[[TestResult name=FileSignUpApp status=SUCCESS method=SignUpTest.FileSignUpApp()[pri:1, instance:com.letsdeel.testcases.SignUpTest@45b9a632] output={null}]]]>
              </value>
            </param>
          </params>
          <reporter-output>
          </reporter-output>
        </test-method> <!-- tearDownMethod -->
        <test-method signature="NegativeFileSignUpApp()[pri:2, instance:com.letsdeel.testcases.SignUpTest@45b9a632]" started-at="2020-11-08T17:21:46 IST" name="NegativeFileSignUpApp" finished-at="2020-11-08T17:21:52 IST" duration-ms="6060" status="PASS">
          <reporter-output>
          </reporter-output>
        </test-method> <!-- NegativeFileSignUpApp -->
        <test-method is-config="true" signature="tearDownMethod(org.testng.ITestResult)[pri:0, instance:com.letsdeel.testcases.SignUpTest@45b9a632]" started-at="2020-11-08T17:21:52 IST" name="tearDownMethod" finished-at="2020-11-08T17:21:52 IST" duration-ms="1" status="PASS">
          <params>
            <param index="0">
              <value>
                <![CDATA[[TestResult name=NegativeFileSignUpApp status=SUCCESS method=SignUpTest.NegativeFileSignUpApp()[pri:2, instance:com.letsdeel.testcases.SignUpTest@45b9a632] output={null}]]]>
              </value>
            </param>
          </params>
          <reporter-output>
          </reporter-output>
        </test-method> <!-- tearDownMethod -->
        <test-method is-config="true" signature="tearDown()[pri:0, instance:com.letsdeel.testcases.SignUpTest@45b9a632]" started-at="2020-11-08T17:21:52 IST" name="tearDown" finished-at="2020-11-08T17:21:53 IST" duration-ms="675" status="PASS">
          <reporter-output>
          </reporter-output>
        </test-method> <!-- tearDown -->
        <test-method is-config="true" signature="endReport()[pri:0, instance:com.letsdeel.testcases.SignUpTest@45b9a632]" started-at="2020-11-08T17:21:53 IST" name="endReport" finished-at="2020-11-08T17:21:53 IST" duration-ms="222" status="PASS">
          <reporter-output>
          </reporter-output>
        </test-method> <!-- endReport -->
      </class> <!-- com.letsdeel.testcases.SignUpTest -->
    </test> <!-- Default test -->
  </suite> <!-- Default suite -->
</testng-results>
